# JRE version: OpenJDK Runtime Environment (8.0_312-b07) (build 1.8.0_312-b07)
# Java VM: OpenJDK 64-Bit Server VM (25.312-b07 mixed mode linux-amd64 compressed oops)
Heap:
 PSYoungGen      total 311296K, used 123132K [0x0000000580100000, 0x0000000599a00000, 0x0000000800000000)
  eden space 250368K, 24% used [0x0000000580100000,0x0000000583dc1a98,0x000000058f580000)
  from space 60928K, 99% used [0x0000000594000000,0x0000000597b7d728,0x0000000597b80000)
  to   space 76288K, 0% used [0x000000058f580000,0x000000058f580000,0x0000000594000000)
 ParOldGen       total 255488K, used 111195K [0x0000000080200000, 0x000000008fb80000, 0x0000000580100000)
  object space 255488K, 43% used [0x0000000080200000,0x0000000086e96d50,0x000000008fb80000)
 Metaspace       used 68573K, capacity 72438K, committed 72664K, reserved 1112064K
  class space    used 9845K, capacity 10993K, committed 11008K, reserved 1048576K
GC Heap History (10 events):
Event: 2.381 GC heap before
{Heap before GC invocations=9 (full 2):
 PSYoungGen      total 205824K, used 190464K [0x0000000580100000, 0x0000000592900000, 0x0000000800000000)
  eden space 190464K, 100% used [0x0000000580100000,0x000000058bb00000,0x000000058bb00000)
  from space 15360K, 0% used [0x0000000591a00000,0x0000000591a00000,0x0000000592900000)
  to   space 23040K, 0% used [0x000000058fc00000,0x000000058fc00000,0x0000000591280000)
 ParOldGen       total 146944K, used 38021K [0x0000000080200000, 0x0000000089180000, 0x0000000580100000)
  object space 146944K, 25% used [0x0000000080200000,0x0000000082721618,0x0000000089180000)
 Metaspace       used 43342K, capacity 45930K, committed 46168K, reserved 1089536K
  class space    used 6337K, capacity 6914K, committed 7040K, reserved 1048576K
Event: 2.390 GC heap after
Heap after GC invocations=9 (full 2):
 PSYoungGen      total 252928K, used 23033K [0x0000000580100000, 0x0000000591c80000, 0x0000000800000000)
  eden space 229888K, 0% used [0x0000000580100000,0x0000000580100000,0x000000058e180000)
  from space 23040K, 99% used [0x000000058fc00000,0x000000059127e770,0x0000000591280000)
  to   space 10240K, 0% used [0x0000000591280000,0x0000000591280000,0x0000000591c80000)
 ParOldGen       total 146944K, used 43434K [0x0000000080200000, 0x0000000089180000, 0x0000000580100000)
  object space 146944K, 29% used [0x0000000080200000,0x0000000082c6a850,0x0000000089180000)
 Metaspace       used 43342K, capacity 45930K, committed 46168K, reserved 1089536K
  class space    used 6337K, capacity 6914K, committed 7040K, reserved 1048576K
}
Event: 2.811 GC heap before
{Heap before GC invocations=10 (full 2):
 PSYoungGen      total 252928K, used 137910K [0x0000000580100000, 0x0000000591c80000, 0x0000000800000000)
  eden space 229888K, 49% used [0x0000000580100000,0x000000058712f0f8,0x000000058e180000)
  from space 23040K, 99% used [0x000000058fc00000,0x000000059127e770,0x0000000591280000)
  to   space 10240K, 0% used [0x0000000591280000,0x0000000591280000,0x0000000591c80000)
 ParOldGen       total 146944K, used 43434K [0x0000000080200000, 0x0000000089180000, 0x0000000580100000)
  object space 146944K, 29% used [0x0000000080200000,0x0000000082c6a850,0x0000000089180000)
 Metaspace       used 45640K, capacity 48260K, committed 48360K, reserved 1091584K
  class space    used 6592K, capacity 7261K, committed 7296K, reserved 1048576K
Event: 2.832 GC heap after
Heap after GC invocations=10 (full 2):
 PSYoungGen      total 242176K, used 10230K [0x0000000580100000, 0x0000000597580000, 0x0000000800000000)
  eden space 231936K, 0% used [0x0000000580100000,0x0000000580100000,0x000000058e380000)
  from space 10240K, 99% used [0x0000000591280000,0x0000000591c7d880,0x0000000591c80000)
  to   space 48128K, 0% used [0x000000058e380000,0x000000058e380000,0x0000000591280000)
 ParOldGen       total 146944K, used 90821K [0x0000000080200000, 0x0000000089180000, 0x0000000580100000)
  object space 146944K, 61% used [0x0000000080200000,0x0000000085ab1708,0x0000000089180000)
 Metaspace       used 45640K, capacity 48260K, committed 48360K, reserved 1091584K
  class space    used 6592K, capacity 7261K, committed 7296K, reserved 1048576K
}
Event: 2.832 GC heap before
{Heap before GC invocations=11 (full 3):
 PSYoungGen      total 242176K, used 10230K [0x0000000580100000, 0x0000000597580000, 0x0000000800000000)
  eden space 231936K, 0% used [0x0000000580100000,0x0000000580100000,0x000000058e380000)
  from space 10240K, 99% used [0x0000000591280000,0x0000000591c7d880,0x0000000591c80000)
  to   space 48128K, 0% used [0x000000058e380000,0x000000058e380000,0x0000000591280000)
 ParOldGen       total 146944K, used 90821K [0x0000000080200000, 0x0000000089180000, 0x0000000580100000)
  object space 146944K, 61% used [0x0000000080200000,0x0000000085ab1708,0x0000000089180000)
 Metaspace       used 45640K, capacity 48260K, committed 48360K, reserved 1091584K
  class space    used 6592K, capacity 7261K, committed 7296K, reserved 1048576K
Event: 2.967 GC heap after
Heap after GC invocations=11 (full 3):
 PSYoungGen      total 242176K, used 0K [0x0000000580100000, 0x0000000597580000, 0x0000000800000000)
  eden space 231936K, 0% used [0x0000000580100000,0x0000000580100000,0x000000058e380000)
  from space 10240K, 0% used [0x0000000591280000,0x0000000591280000,0x0000000591c80000)
  to   space 48128K, 0% used [0x000000058e380000,0x000000058e380000,0x0000000591280000)
 ParOldGen       total 255488K, used 87952K [0x0000000080200000, 0x000000008fb80000, 0x0000000580100000)
  object space 255488K, 34% used [0x0000000080200000,0x00000000857e4388,0x000000008fb80000)
 Metaspace       used 45640K, capacity 48260K, committed 48360K, reserved 1091584K
  class space    used 6592K, capacity 7261K, committed 7296K, reserved 1048576K
}
Event: 3.729 GC heap before
{Heap before GC invocations=12 (full 3):
 PSYoungGen      total 242176K, used 231936K [0x0000000580100000, 0x0000000597580000, 0x0000000800000000)
  eden space 231936K, 100% used [0x0000000580100000,0x000000058e380000,0x000000058e380000)
  from space 10240K, 0% used [0x0000000591280000,0x0000000591280000,0x0000000591c80000)
  to   space 48128K, 0% used [0x000000058e380000,0x000000058e380000,0x0000000591280000)
 ParOldGen       total 255488K, used 87952K [0x0000000080200000, 0x000000008fb80000, 0x0000000580100000)
  object space 255488K, 34% used [0x0000000080200000,0x00000000857e4388,0x000000008fb80000)
 Metaspace       used 64407K, capacity 67972K, committed 68184K, reserved 1107968K
  class space    used 9311K, capacity 10346K, committed 10368K, reserved 1048576K
Event: 3.758 GC heap after
Heap after GC invocations=12 (full 3):
 PSYoungGen      total 280064K, used 48115K [0x0000000580100000, 0x0000000597b80000, 0x0000000800000000)
  eden space 231936K, 0% used [0x0000000580100000,0x0000000580100000,0x000000058e380000)
  from space 48128K, 99% used [0x000000058e380000,0x000000059127cfc8,0x0000000591280000)
  to   space 60928K, 0% used [0x0000000594000000,0x0000000594000000,0x0000000597b80000)
 ParOldGen       total 255488K, used 98302K [0x0000000080200000, 0x000000008fb80000, 0x0000000580100000)
  object space 255488K, 38% used [0x0000000080200000,0x00000000861ffb78,0x000000008fb80000)
 Metaspace       used 64407K, capacity 67972K, committed 68184K, reserved 1107968K
  class space    used 9311K, capacity 10346K, committed 10368K, reserved 1048576K
}
Event: 4.253 GC heap before
{Heap before GC invocations=13 (full 3):
 PSYoungGen      total 280064K, used 280051K [0x0000000580100000, 0x0000000597b80000, 0x0000000800000000)
  eden space 231936K, 100% used [0x0000000580100000,0x000000058e380000,0x000000058e380000)
  from space 48128K, 99% used [0x000000058e380000,0x000000059127cfc8,0x0000000591280000)
  to   space 60928K, 0% used [0x0000000594000000,0x0000000594000000,0x0000000597b80000)
 ParOldGen       total 255488K, used 98302K [0x0000000080200000, 0x000000008fb80000, 0x0000000580100000)
  object space 255488K, 38% used [0x0000000080200000,0x00000000861ffb78,0x000000008fb80000)
 Metaspace       used 67252K, capacity 70992K, committed 71128K, reserved 1110016K
  class space    used 9651K, capacity 10736K, committed 10752K, reserved 1048576K
Event: 4.271 GC heap after
Heap after GC invocations=13 (full 3):
 PSYoungGen      total 311296K, used 60917K [0x0000000580100000, 0x0000000599a00000, 0x0000000800000000)
  eden space 250368K, 0% used [0x0000000580100000,0x0000000580100000,0x000000058f580000)
  from space 60928K, 99% used [0x0000000594000000,0x0000000597b7d728,0x0000000597b80000)
  to   space 76288K, 0% used [0x000000058f580000,0x000000058f580000,0x0000000594000000)
 ParOldGen       total 255488K, used 111195K [0x0000000080200000, 0x000000008fb80000, 0x0000000580100000)
  object space 255488K, 43% used [0x0000000080200000,0x0000000086e96d50,0x000000008fb80000)
 Metaspace       used 67252K, capacity 70992K, committed 71128K, reserved 1110016K
  class space    used 9651K, capacity 10736K, committed 10752K, reserved 1048576K
}

